-- The C compiler identification is GNU 11.4.0
-- The CXX compiler identification is GNU 11.4.0
-- Detecting C compiler ABI info
-- Detecting C compiler ABI info - done
-- Check for working C compiler: /usr/bin/cc - skipped
-- Detecting C compile features
-- Detecting C compile features - done
-- Detecting CXX compiler ABI info
-- Detecting CXX compiler ABI info - done
-- Check for working CXX compiler: /usr/bin/c++ - skipped
-- Detecting CXX compile features
-- Detecting CXX compile features - done
-- Found ament_cmake: 1.3.11 (/opt/ros/humble/share/ament_cmake/cmake)
-- Found Python3: /usr/bin/python3 (found version "3.10.12") found components: Interpreter 
-- Override CMake install command with custom implementation using symlinks instead of copying resources
-- Found serial_driver: 1.2.0 (/opt/ros/humble/share/serial_driver/cmake)
-- Found rosidl_generator_c: 3.1.6 (/opt/ros/humble/share/rosidl_generator_c/cmake)
-- Found rosidl_adapter: 3.1.6 (/opt/ros/humble/share/rosidl_adapter/cmake)
-- Found rosidl_generator_cpp: 3.1.6 (/opt/ros/humble/share/rosidl_generator_cpp/cmake)
-- Using all available rosidl_typesupport_c: rosidl_typesupport_fastrtps_c;rosidl_typesupport_introspection_c
-- Using all available rosidl_typesupport_cpp: rosidl_typesupport_fastrtps_cpp;rosidl_typesupport_introspection_cpp
-- Found rmw_implementation_cmake: 6.1.2 (/opt/ros/humble/share/rmw_implementation_cmake/cmake)
-- Found rmw_fastrtps_cpp: 6.2.7 (/opt/ros/humble/share/rmw_fastrtps_cpp/cmake)
-- Found OpenSSL: /usr/lib/x86_64-linux-gnu/libcrypto.so (found version "3.0.2")  
-- Found FastRTPS: /opt/ros/humble/include  
-- Using RMW implementation 'rmw_fastrtps_cpp' as default
-- Looking for pthread.h
-- Looking for pthread.h - found
-- Performing Test CMAKE_HAVE_LIBC_PTHREAD
-- Performing Test CMAKE_HAVE_LIBC_PTHREAD - Success
-- Found Threads: TRUE  
-- Found asio_cmake_module: 1.2.0 (/opt/ros/humble/share/asio_cmake_module/cmake)
-- Found ASIO: /usr/include  
-- Configuring done
-- Generating done
-- Build files have been written to: /home/evinia/KCL/Interface/build/controller_lib
[ 50%] [32mBuilding CXX object CMakeFiles/controller_lib.dir/src/controller_lib.cpp.o[0m
[100%] [32m[1mLinking CXX static library libcontroller_lib.a[0m
[100%] Built target controller_lib
-- Install configuration: ""
-- Execute custom install script
-- Symlinking: /home/evinia/KCL/Interface/install/controller_lib/share/controller_lib/environment/library_path.sh
-- Symlinking: /home/evinia/KCL/Interface/install/controller_lib/share/controller_lib/environment/library_path.dsv
-- Symlinking: /home/evinia/KCL/Interface/install/controller_lib/share/ament_index/resource_index/package_run_dependencies/controller_lib
-- Symlinking: /home/evinia/KCL/Interface/install/controller_lib/share/ament_index/resource_index/parent_prefix_path/controller_lib
-- Symlinking: /home/evinia/KCL/Interface/install/controller_lib/share/controller_lib/environment/ament_prefix_path.sh
-- Symlinking: /home/evinia/KCL/Interface/install/controller_lib/share/controller_lib/environment/ament_prefix_path.dsv
-- Symlinking: /home/evinia/KCL/Interface/install/controller_lib/share/controller_lib/environment/path.sh
-- Symlinking: /home/evinia/KCL/Interface/install/controller_lib/share/controller_lib/environment/path.dsv
-- Symlinking: /home/evinia/KCL/Interface/install/controller_lib/share/controller_lib/local_setup.bash
-- Symlinking: /home/evinia/KCL/Interface/install/controller_lib/share/controller_lib/local_setup.sh
-- Symlinking: /home/evinia/KCL/Interface/install/controller_lib/share/controller_lib/local_setup.zsh
-- Symlinking: /home/evinia/KCL/Interface/install/controller_lib/share/controller_lib/local_setup.dsv
-- Symlinking: /home/evinia/KCL/Interface/install/controller_lib/share/controller_lib/package.dsv
-- Symlinking: /home/evinia/KCL/Interface/install/controller_lib/share/ament_index/resource_index/packages/controller_lib
-- Symlinking: /home/evinia/KCL/Interface/install/controller_lib/share/controller_lib/cmake/ament_cmake_export_include_directories-extras.cmake
-- Symlinking: /home/evinia/KCL/Interface/install/controller_lib/share/controller_lib/cmake/ament_cmake_export_libraries-extras.cmake
-- Symlinking: /home/evinia/KCL/Interface/install/controller_lib/share/controller_lib/cmake/ament_cmake_export_dependencies-extras.cmake
-- Symlinking: /home/evinia/KCL/Interface/install/controller_lib/share/controller_lib/cmake/controller_libConfig.cmake
-- Symlinking: /home/evinia/KCL/Interface/install/controller_lib/share/controller_lib/cmake/controller_libConfig-version.cmake
-- Symlinking: /home/evinia/KCL/Interface/install/controller_lib/share/controller_lib/package.xml
