[0.015s] Invoking command in '/home/evinia/KCL/Interface/build/controller_lib': CMAKE_PREFIX_PATH=${CMAKE_PREFIX_PATH}:/home/evinia/turtlebot3_ws/install/turtlebot3_teleop:/home/evinia/turtlebot3_ws/install/turtlebot3_example:/opt/ros/humble /usr/bin/cmake /home/evinia/KCL/Interface/src/controller_lib -DAMENT_CMAKE_SYMLINK_INSTALL=1 -DCMAKE_INSTALL_PREFIX=/home/evinia/KCL/Interface/install/controller_lib
[0.081s] -- The C compiler identification is GNU 11.4.0
[0.146s] -- The CXX compiler identification is GNU 11.4.0
[0.155s] -- Detecting C compiler ABI info
[0.238s] -- Detecting C compiler ABI info - done
[0.246s] -- Check for working C compiler: /usr/bin/cc - skipped
[0.246s] -- Detecting C compile features
[0.246s] -- Detecting C compile features - done
[0.249s] -- Detecting CXX compiler ABI info
[0.342s] -- Detecting CXX compiler ABI info - done
[0.350s] -- Check for working CXX compiler: /usr/bin/c++ - skipped
[0.350s] -- Detecting CXX compile features
[0.351s] -- Detecting CXX compile features - done
[0.355s] -- Found ament_cmake: 1.3.11 (/opt/ros/humble/share/ament_cmake/cmake)
[0.514s] -- Found Python3: /usr/bin/python3 (found version "3.10.12") found components: Interpreter 
[0.571s] -- Override CMake install command with custom implementation using symlinks instead of copying resources
[0.625s] -- Found serial_driver: 1.2.0 (/opt/ros/humble/share/serial_driver/cmake)
[0.693s] -- Found rosidl_generator_c: 3.1.6 (/opt/ros/humble/share/rosidl_generator_c/cmake)
[0.701s] -- Found rosidl_adapter: 3.1.6 (/opt/ros/humble/share/rosidl_adapter/cmake)
[0.712s] -- Found rosidl_generator_cpp: 3.1.6 (/opt/ros/humble/share/rosidl_generator_cpp/cmake)
[0.727s] -- Using all available rosidl_typesupport_c: rosidl_typesupport_fastrtps_c;rosidl_typesupport_introspection_c
[0.752s] -- Using all available rosidl_typesupport_cpp: rosidl_typesupport_fastrtps_cpp;rosidl_typesupport_introspection_cpp
[0.812s] -- Found rmw_implementation_cmake: 6.1.2 (/opt/ros/humble/share/rmw_implementation_cmake/cmake)
[0.816s] -- Found rmw_fastrtps_cpp: 6.2.7 (/opt/ros/humble/share/rmw_fastrtps_cpp/cmake)
[0.949s] -- Found OpenSSL: /usr/lib/x86_64-linux-gnu/libcrypto.so (found version "3.0.2")  
[0.985s] -- Found FastRTPS: /opt/ros/humble/include  
[1.040s] -- Using RMW implementation 'rmw_fastrtps_cpp' as default
[1.054s] -- Looking for pthread.h
[1.140s] -- Looking for pthread.h - found
[1.141s] -- Performing Test CMAKE_HAVE_LIBC_PTHREAD
[1.233s] -- Performing Test CMAKE_HAVE_LIBC_PTHREAD - Success
[1.235s] -- Found Threads: TRUE  
[1.312s] -- Found asio_cmake_module: 1.2.0 (/opt/ros/humble/share/asio_cmake_module/cmake)
[1.313s] -- Found ASIO: /usr/include  
[1.453s] -- Configuring done
[1.478s] -- Generating done
[1.481s] -- Build files have been written to: /home/evinia/KCL/Interface/build/controller_lib
[1.492s] Invoked command in '/home/evinia/KCL/Interface/build/controller_lib' returned '0': CMAKE_PREFIX_PATH=${CMAKE_PREFIX_PATH}:/home/evinia/turtlebot3_ws/install/turtlebot3_teleop:/home/evinia/turtlebot3_ws/install/turtlebot3_example:/opt/ros/humble /usr/bin/cmake /home/evinia/KCL/Interface/src/controller_lib -DAMENT_CMAKE_SYMLINK_INSTALL=1 -DCMAKE_INSTALL_PREFIX=/home/evinia/KCL/Interface/install/controller_lib
[1.494s] Invoking command in '/home/evinia/KCL/Interface/build/controller_lib': CMAKE_PREFIX_PATH=${CMAKE_PREFIX_PATH}:/home/evinia/turtlebot3_ws/install/turtlebot3_teleop:/home/evinia/turtlebot3_ws/install/turtlebot3_example:/opt/ros/humble /usr/bin/cmake --build /home/evinia/KCL/Interface/build/controller_lib -- -j16 -l16
[1.564s] [ 50%] [32mBuilding CXX object CMakeFiles/controller_lib.dir/src/controller_lib.cpp.o[0m
[2.900s] [100%] [32m[1mLinking CXX static library libcontroller_lib.a[0m
[2.947s] [100%] Built target controller_lib
[2.963s] Invoked command in '/home/evinia/KCL/Interface/build/controller_lib' returned '0': CMAKE_PREFIX_PATH=${CMAKE_PREFIX_PATH}:/home/evinia/turtlebot3_ws/install/turtlebot3_teleop:/home/evinia/turtlebot3_ws/install/turtlebot3_example:/opt/ros/humble /usr/bin/cmake --build /home/evinia/KCL/Interface/build/controller_lib -- -j16 -l16
[2.977s] Invoking command in '/home/evinia/KCL/Interface/build/controller_lib': CMAKE_PREFIX_PATH=${CMAKE_PREFIX_PATH}:/home/evinia/turtlebot3_ws/install/turtlebot3_teleop:/home/evinia/turtlebot3_ws/install/turtlebot3_example:/opt/ros/humble /usr/bin/cmake --install /home/evinia/KCL/Interface/build/controller_lib
[2.986s] -- Install configuration: ""
[2.986s] -- Execute custom install script
[2.987s] -- Symlinking: /home/evinia/KCL/Interface/install/controller_lib/share/controller_lib/environment/library_path.sh
[2.999s] -- Symlinking: /home/evinia/KCL/Interface/install/controller_lib/share/controller_lib/environment/library_path.dsv
[3.010s] -- Symlinking: /home/evinia/KCL/Interface/install/controller_lib/share/ament_index/resource_index/package_run_dependencies/controller_lib
[3.022s] -- Symlinking: /home/evinia/KCL/Interface/install/controller_lib/share/ament_index/resource_index/parent_prefix_path/controller_lib
[3.034s] -- Symlinking: /home/evinia/KCL/Interface/install/controller_lib/share/controller_lib/environment/ament_prefix_path.sh
[3.047s] -- Symlinking: /home/evinia/KCL/Interface/install/controller_lib/share/controller_lib/environment/ament_prefix_path.dsv
[3.059s] -- Symlinking: /home/evinia/KCL/Interface/install/controller_lib/share/controller_lib/environment/path.sh
[3.070s] -- Symlinking: /home/evinia/KCL/Interface/install/controller_lib/share/controller_lib/environment/path.dsv
[3.081s] -- Symlinking: /home/evinia/KCL/Interface/install/controller_lib/share/controller_lib/local_setup.bash
[3.092s] -- Symlinking: /home/evinia/KCL/Interface/install/controller_lib/share/controller_lib/local_setup.sh
[3.104s] -- Symlinking: /home/evinia/KCL/Interface/install/controller_lib/share/controller_lib/local_setup.zsh
[3.115s] -- Symlinking: /home/evinia/KCL/Interface/install/controller_lib/share/controller_lib/local_setup.dsv
[3.126s] -- Symlinking: /home/evinia/KCL/Interface/install/controller_lib/share/controller_lib/package.dsv
[3.139s] -- Symlinking: /home/evinia/KCL/Interface/install/controller_lib/share/ament_index/resource_index/packages/controller_lib
[3.152s] -- Symlinking: /home/evinia/KCL/Interface/install/controller_lib/share/controller_lib/cmake/ament_cmake_export_include_directories-extras.cmake
[3.163s] -- Symlinking: /home/evinia/KCL/Interface/install/controller_lib/share/controller_lib/cmake/ament_cmake_export_libraries-extras.cmake
[3.174s] -- Symlinking: /home/evinia/KCL/Interface/install/controller_lib/share/controller_lib/cmake/ament_cmake_export_dependencies-extras.cmake
[3.185s] -- Symlinking: /home/evinia/KCL/Interface/install/controller_lib/share/controller_lib/cmake/controller_libConfig.cmake
[3.196s] -- Symlinking: /home/evinia/KCL/Interface/install/controller_lib/share/controller_lib/cmake/controller_libConfig-version.cmake
[3.207s] -- Symlinking: /home/evinia/KCL/Interface/install/controller_lib/share/controller_lib/package.xml
[3.221s] Invoked command in '/home/evinia/KCL/Interface/build/controller_lib' returned '0': CMAKE_PREFIX_PATH=${CMAKE_PREFIX_PATH}:/home/evinia/turtlebot3_ws/install/turtlebot3_teleop:/home/evinia/turtlebot3_ws/install/turtlebot3_example:/opt/ros/humble /usr/bin/cmake --install /home/evinia/KCL/Interface/build/controller_lib
