-- The C compiler identification is GNU 11.4.0
-- The CXX compiler identification is GNU 11.4.0
-- Detecting C compiler ABI info
-- Detecting C compiler ABI info - done
-- Check for working C compiler: /usr/bin/cc - skipped
-- Detecting C compile features
-- Detecting C compile features - done
-- Detecting CXX compiler ABI info
-- Detecting CXX compiler ABI info - done
-- Check for working CXX compiler: /usr/bin/c++ - skipped
-- Detecting CXX compile features
-- Detecting CXX compile features - done
-- Found ament_cmake: 1.3.11 (/opt/ros/humble/share/ament_cmake/cmake)
-- Found Python3: /usr/bin/python3 (found version "3.10.12") found components: Interpreter 
-- Override CMake install command with custom implementation using symlinks instead of copying resources
-- Found hardware_interface: 2.50.0 (/opt/ros/humble/share/hardware_interface/cmake)
-- Found rosidl_generator_c: 3.1.6 (/opt/ros/humble/share/rosidl_generator_c/cmake)
-- Found rosidl_adapter: 3.1.6 (/opt/ros/humble/share/rosidl_adapter/cmake)
-- Found rosidl_generator_cpp: 3.1.6 (/opt/ros/humble/share/rosidl_generator_cpp/cmake)
-- Using all available rosidl_typesupport_c: rosidl_typesupport_fastrtps_c;rosidl_typesupport_introspection_c
-- Using all available rosidl_typesupport_cpp: rosidl_typesupport_fastrtps_cpp;rosidl_typesupport_introspection_cpp
-- Found rmw_implementation_cmake: 6.1.2 (/opt/ros/humble/share/rmw_implementation_cmake/cmake)
-- Found rmw_fastrtps_cpp: 6.2.7 (/opt/ros/humble/share/rmw_fastrtps_cpp/cmake)
-- Found TinyXML2 via Config file: TinyXML2_DIR-NOTFOUND
-- Found OpenSSL: /usr/lib/x86_64-linux-gnu/libcrypto.so (found version "3.0.2")  
-- Found TinyXML2 via Config file: TinyXML2_DIR-NOTFOUND
-- Found FastRTPS: /opt/ros/humble/include  
-- Found TinyXML2 via Config file: TinyXML2_DIR-NOTFOUND
-- Found TinyXML2 via Config file: TinyXML2_DIR-NOTFOUND
-- Using RMW implementation 'rmw_fastrtps_cpp' as default
-- Looking for pthread.h
-- Looking for pthread.h - found
-- Performing Test CMAKE_HAVE_LIBC_PTHREAD
-- Performing Test CMAKE_HAVE_LIBC_PTHREAD - Success
-- Found Threads: TRUE  
-- Found serial_driver: 1.2.0 (/opt/ros/humble/share/serial_driver/cmake)
-- Found asio_cmake_module: 1.2.0 (/opt/ros/humble/share/asio_cmake_module/cmake)
-- Found ASIO: /usr/include  
-- Found ament_lint_auto: 0.12.12 (/opt/ros/humble/share/ament_lint_auto/cmake)
-- Added test 'cppcheck' to perform static code analysis on C / C++ code
-- Configured cppcheck include dirs: $<BUILD_INTERFACE:/home/evinia/KCL/Interface/src/manipulator_hw/include>
-- Configured cppcheck exclude dirs and/or files: 
-- Added test 'flake8' to check Python code syntax and style conventions
-- Added test 'lint_cmake' to check CMake code style
-- Added test 'pep257' to check Python code against some of the docstring style conventions in PEP 257
-- Added test 'uncrustify' to check C / C++ code style
-- Configured uncrustify additional arguments: 
-- Added test 'xmllint' to check XML markup files
-- Configuring done
-- Generating done
-- Build files have been written to: /home/evinia/KCL/Interface/build/manipulator_hw
[ 25%] [32mBuilding CXX object controller_lib_build/CMakeFiles/controller_lib.dir/src/controller_lib.cpp.o[0m
[ 50%] [32m[1mLinking CXX static library libcontroller_lib.a[0m
[ 50%] Built target controller_lib
[ 75%] [32mBuilding CXX object CMakeFiles/manipulator_hw.dir/src/manipulator.cpp.o[0m
[100%] [32m[1mLinking CXX shared library libmanipulator_hw.so[0m
[100%] Built target manipulator_hw
-- Install configuration: ""
-- Execute custom install script
-- Symlinking: /home/evinia/KCL/Interface/install/manipulator_hw/share/controller_lib/environment/library_path.sh
-- Symlinking: /home/evinia/KCL/Interface/install/manipulator_hw/share/controller_lib/environment/library_path.dsv
-- Symlinking: /home/evinia/KCL/Interface/install/manipulator_hw/share/ament_index/resource_index/package_run_dependencies/controller_lib
-- Symlinking: /home/evinia/KCL/Interface/install/manipulator_hw/share/ament_index/resource_index/parent_prefix_path/controller_lib
-- Symlinking: /home/evinia/KCL/Interface/install/manipulator_hw/share/controller_lib/environment/ament_prefix_path.sh
-- Symlinking: /home/evinia/KCL/Interface/install/manipulator_hw/share/controller_lib/environment/ament_prefix_path.dsv
-- Symlinking: /home/evinia/KCL/Interface/install/manipulator_hw/share/controller_lib/environment/path.sh
-- Symlinking: /home/evinia/KCL/Interface/install/manipulator_hw/share/controller_lib/environment/path.dsv
-- Symlinking: /home/evinia/KCL/Interface/install/manipulator_hw/share/controller_lib/local_setup.bash
-- Symlinking: /home/evinia/KCL/Interface/install/manipulator_hw/share/controller_lib/local_setup.sh
-- Symlinking: /home/evinia/KCL/Interface/install/manipulator_hw/share/controller_lib/local_setup.zsh
-- Symlinking: /home/evinia/KCL/Interface/install/manipulator_hw/share/controller_lib/local_setup.dsv
-- Symlinking: /home/evinia/KCL/Interface/install/manipulator_hw/share/controller_lib/package.dsv
-- Symlinking: /home/evinia/KCL/Interface/install/manipulator_hw/share/ament_index/resource_index/packages/controller_lib
-- Symlinking: /home/evinia/KCL/Interface/install/manipulator_hw/share/controller_lib/cmake/ament_cmake_export_include_directories-extras.cmake
-- Symlinking: /home/evinia/KCL/Interface/install/manipulator_hw/share/controller_lib/cmake/ament_cmake_export_libraries-extras.cmake
-- Symlinking: /home/evinia/KCL/Interface/install/manipulator_hw/share/controller_lib/cmake/ament_cmake_export_dependencies-extras.cmake
-- Symlinking: /home/evinia/KCL/Interface/install/manipulator_hw/share/controller_lib/cmake/controller_libConfig.cmake
-- Symlinking: /home/evinia/KCL/Interface/install/manipulator_hw/share/controller_lib/cmake/controller_libConfig-version.cmake
-- Symlinking: /home/evinia/KCL/Interface/install/manipulator_hw/share/controller_lib/package.xml
-- Symlinking: /home/evinia/KCL/Interface/install/manipulator_hw/include/manipulator_hw/manipulator.hpp
-- Symlinking: /home/evinia/KCL/Interface/install/manipulator_hw/share/manipulator_hw//launch/test_manip_hw.launch.py
-- Symlinking: /home/evinia/KCL/Interface/install/manipulator_hw/share/manipulator_hw//config/manipulator_hw.yaml
-- Symlinking: /home/evinia/KCL/Interface/install/manipulator_hw/share/manipulator_hw//urdf/robot.urdf.xacro
-- Symlinking: /home/evinia/KCL/Interface/install/manipulator_hw/share/manipulator_hw/manipulator.xml
-- Up-to-date symlink: /home/evinia/KCL/Interface/install/manipulator_hw/share/manipulator_hw//manipulator.xml
-- Symlinking: /home/evinia/KCL/Interface/install/manipulator_hw/share/manipulator_hw/environment/library_path.sh
-- Symlinking: /home/evinia/KCL/Interface/install/manipulator_hw/share/manipulator_hw/environment/library_path.dsv
-- Symlinking: /home/evinia/KCL/Interface/install/manipulator_hw/share/ament_index/resource_index/package_run_dependencies/manipulator_hw
-- Symlinking: /home/evinia/KCL/Interface/install/manipulator_hw/share/ament_index/resource_index/parent_prefix_path/manipulator_hw
-- Symlinking: /home/evinia/KCL/Interface/install/manipulator_hw/share/manipulator_hw/environment/ament_prefix_path.sh
-- Symlinking: /home/evinia/KCL/Interface/install/manipulator_hw/share/manipulator_hw/environment/ament_prefix_path.dsv
-- Symlinking: /home/evinia/KCL/Interface/install/manipulator_hw/share/manipulator_hw/environment/path.sh
-- Symlinking: /home/evinia/KCL/Interface/install/manipulator_hw/share/manipulator_hw/environment/path.dsv
-- Symlinking: /home/evinia/KCL/Interface/install/manipulator_hw/share/manipulator_hw/local_setup.bash
-- Symlinking: /home/evinia/KCL/Interface/install/manipulator_hw/share/manipulator_hw/local_setup.sh
-- Symlinking: /home/evinia/KCL/Interface/install/manipulator_hw/share/manipulator_hw/local_setup.zsh
-- Symlinking: /home/evinia/KCL/Interface/install/manipulator_hw/share/manipulator_hw/local_setup.dsv
-- Symlinking: /home/evinia/KCL/Interface/install/manipulator_hw/share/manipulator_hw/package.dsv
-- Symlinking: /home/evinia/KCL/Interface/install/manipulator_hw/share/ament_index/resource_index/packages/manipulator_hw
-- Symlinking: /home/evinia/KCL/Interface/install/manipulator_hw/share/ament_index/resource_index/hardware_interface__pluginlib__plugin/manipulator_hw
-- Symlinking: /home/evinia/KCL/Interface/install/manipulator_hw/share/manipulator_hw/cmake/ament_cmake_export_include_directories-extras.cmake
-- Symlinking: /home/evinia/KCL/Interface/install/manipulator_hw/share/manipulator_hw/cmake/ament_cmake_export_libraries-extras.cmake
-- Symlinking: /home/evinia/KCL/Interface/install/manipulator_hw/share/manipulator_hw/cmake/ament_cmake_export_dependencies-extras.cmake
-- Symlinking: /home/evinia/KCL/Interface/install/manipulator_hw/share/manipulator_hw/cmake/manipulator_hwConfig.cmake
-- Symlinking: /home/evinia/KCL/Interface/install/manipulator_hw/share/manipulator_hw/cmake/manipulator_hwConfig-version.cmake
-- Symlinking: /home/evinia/KCL/Interface/install/manipulator_hw/share/manipulator_hw/package.xml
-- Installing: /home/evinia/KCL/Interface/install/manipulator_hw/lib/libmanipulator_hw.so
-- Set runtime path of "/home/evinia/KCL/Interface/install/manipulator_hw/lib/libmanipulator_hw.so" to ""
