[0.012s] Invoking command in '/home/evinia/KCL/Interface/build/manipulator_hw': CMAKE_PREFIX_PATH=${CMAKE_PREFIX_PATH}:/home/evinia/turtlebot3_ws/install/turtlebot3_teleop:/home/evinia/turtlebot3_ws/install/turtlebot3_example:/opt/ros/humble /usr/bin/cmake /home/evinia/KCL/Interface/src/manipulator_hw -DAMENT_CMAKE_SYMLINK_INSTALL=1 -DCMAKE_INSTALL_PREFIX=/home/evinia/KCL/Interface/install/manipulator_hw
[0.074s] -- The C compiler identification is GNU 11.4.0
[0.138s] -- The CXX compiler identification is GNU 11.4.0
[0.147s] -- Detecting C compiler ABI info
[0.231s] -- Detecting C compiler ABI info - done
[0.237s] -- Check for working C compiler: /usr/bin/cc - skipped
[0.237s] -- Detecting C compile features
[0.238s] -- Detecting C compile features - done
[0.240s] -- Detecting CXX compiler ABI info
[0.332s] -- Detecting CXX compiler ABI info - done
[0.340s] -- Check for working CXX compiler: /usr/bin/c++ - skipped
[0.340s] -- Detecting CXX compile features
[0.340s] -- Detecting CXX compile features - done
[0.345s] -- Found ament_cmake: 1.3.11 (/opt/ros/humble/share/ament_cmake/cmake)
[0.505s] -- Found Python3: /usr/bin/python3 (found version "3.10.12") found components: Interpreter 
[0.562s] -- Override CMake install command with custom implementation using symlinks instead of copying resources
[0.617s] -- Found hardware_interface: 2.50.0 (/opt/ros/humble/share/hardware_interface/cmake)
[0.675s] -- Found rosidl_generator_c: 3.1.6 (/opt/ros/humble/share/rosidl_generator_c/cmake)
[0.684s] -- Found rosidl_adapter: 3.1.6 (/opt/ros/humble/share/rosidl_adapter/cmake)
[0.695s] -- Found rosidl_generator_cpp: 3.1.6 (/opt/ros/humble/share/rosidl_generator_cpp/cmake)
[0.711s] -- Using all available rosidl_typesupport_c: rosidl_typesupport_fastrtps_c;rosidl_typesupport_introspection_c
[0.732s] -- Using all available rosidl_typesupport_cpp: rosidl_typesupport_fastrtps_cpp;rosidl_typesupport_introspection_cpp
[0.967s] -- Found rmw_implementation_cmake: 6.1.2 (/opt/ros/humble/share/rmw_implementation_cmake/cmake)
[0.971s] -- Found rmw_fastrtps_cpp: 6.2.7 (/opt/ros/humble/share/rmw_fastrtps_cpp/cmake)
[1.005s] -- Found TinyXML2 via Config file: TinyXML2_DIR-NOTFOUND
[1.103s] -- Found OpenSSL: /usr/lib/x86_64-linux-gnu/libcrypto.so (found version "3.0.2")  
[1.105s] -- Found TinyXML2 via Config file: TinyXML2_DIR-NOTFOUND
[1.122s] -- Found FastRTPS: /opt/ros/humble/include  
[1.125s] -- Found TinyXML2 via Config file: TinyXML2_DIR-NOTFOUND
[1.136s] -- Found TinyXML2 via Config file: TinyXML2_DIR-NOTFOUND
[1.149s] -- Using RMW implementation 'rmw_fastrtps_cpp' as default
[1.163s] -- Looking for pthread.h
[1.259s] -- Looking for pthread.h - found
[1.259s] -- Performing Test CMAKE_HAVE_LIBC_PTHREAD
[1.355s] -- Performing Test CMAKE_HAVE_LIBC_PTHREAD - Success
[1.356s] -- Found Threads: TRUE  
[1.415s] -- Found serial_driver: 1.2.0 (/opt/ros/humble/share/serial_driver/cmake)
[1.440s] -- Found asio_cmake_module: 1.2.0 (/opt/ros/humble/share/asio_cmake_module/cmake)
[1.441s] -- Found ASIO: /usr/include  
[1.561s] -- Found ament_lint_auto: 0.12.12 (/opt/ros/humble/share/ament_lint_auto/cmake)
[1.672s] -- Added test 'cppcheck' to perform static code analysis on C / C++ code
[1.672s] -- Configured cppcheck include dirs: $<BUILD_INTERFACE:/home/evinia/KCL/Interface/src/manipulator_hw/include>
[1.672s] -- Configured cppcheck exclude dirs and/or files: 
[1.673s] -- Added test 'flake8' to check Python code syntax and style conventions
[1.674s] -- Added test 'lint_cmake' to check CMake code style
[1.674s] -- Added test 'pep257' to check Python code against some of the docstring style conventions in PEP 257
[1.676s] -- Added test 'uncrustify' to check C / C++ code style
[1.676s] -- Configured uncrustify additional arguments: 
[1.676s] -- Added test 'xmllint' to check XML markup files
[1.681s] -- Configuring done
[1.741s] -- Generating done
[1.748s] -- Build files have been written to: /home/evinia/KCL/Interface/build/manipulator_hw
[1.763s] Invoked command in '/home/evinia/KCL/Interface/build/manipulator_hw' returned '0': CMAKE_PREFIX_PATH=${CMAKE_PREFIX_PATH}:/home/evinia/turtlebot3_ws/install/turtlebot3_teleop:/home/evinia/turtlebot3_ws/install/turtlebot3_example:/opt/ros/humble /usr/bin/cmake /home/evinia/KCL/Interface/src/manipulator_hw -DAMENT_CMAKE_SYMLINK_INSTALL=1 -DCMAKE_INSTALL_PREFIX=/home/evinia/KCL/Interface/install/manipulator_hw
[1.765s] Invoking command in '/home/evinia/KCL/Interface/build/manipulator_hw': CMAKE_PREFIX_PATH=${CMAKE_PREFIX_PATH}:/home/evinia/turtlebot3_ws/install/turtlebot3_teleop:/home/evinia/turtlebot3_ws/install/turtlebot3_example:/opt/ros/humble /usr/bin/cmake --build /home/evinia/KCL/Interface/build/manipulator_hw -- -j16 -l16
[1.830s] [ 25%] [32mBuilding CXX object controller_lib_build/CMakeFiles/controller_lib.dir/src/controller_lib.cpp.o[0m
[3.179s] [ 50%] [32m[1mLinking CXX static library libcontroller_lib.a[0m
[3.222s] [ 50%] Built target controller_lib
[3.252s] [ 75%] [32mBuilding CXX object CMakeFiles/manipulator_hw.dir/src/manipulator.cpp.o[0m
[7.114s] [100%] [32m[1mLinking CXX shared library libmanipulator_hw.so[0m
[7.339s] [100%] Built target manipulator_hw
[7.353s] Invoked command in '/home/evinia/KCL/Interface/build/manipulator_hw' returned '0': CMAKE_PREFIX_PATH=${CMAKE_PREFIX_PATH}:/home/evinia/turtlebot3_ws/install/turtlebot3_teleop:/home/evinia/turtlebot3_ws/install/turtlebot3_example:/opt/ros/humble /usr/bin/cmake --build /home/evinia/KCL/Interface/build/manipulator_hw -- -j16 -l16
[7.356s] Invoking command in '/home/evinia/KCL/Interface/build/manipulator_hw': CMAKE_PREFIX_PATH=${CMAKE_PREFIX_PATH}:/home/evinia/turtlebot3_ws/install/turtlebot3_teleop:/home/evinia/turtlebot3_ws/install/turtlebot3_example:/opt/ros/humble /usr/bin/cmake --install /home/evinia/KCL/Interface/build/manipulator_hw
[7.365s] -- Install configuration: ""
[7.365s] -- Execute custom install script
[7.365s] -- Symlinking: /home/evinia/KCL/Interface/install/manipulator_hw/share/controller_lib/environment/library_path.sh
[7.377s] -- Symlinking: /home/evinia/KCL/Interface/install/manipulator_hw/share/controller_lib/environment/library_path.dsv
[7.388s] -- Symlinking: /home/evinia/KCL/Interface/install/manipulator_hw/share/ament_index/resource_index/package_run_dependencies/controller_lib
[7.400s] -- Symlinking: /home/evinia/KCL/Interface/install/manipulator_hw/share/ament_index/resource_index/parent_prefix_path/controller_lib
[7.411s] -- Symlinking: /home/evinia/KCL/Interface/install/manipulator_hw/share/controller_lib/environment/ament_prefix_path.sh
[7.424s] -- Symlinking: /home/evinia/KCL/Interface/install/manipulator_hw/share/controller_lib/environment/ament_prefix_path.dsv
[7.435s] -- Symlinking: /home/evinia/KCL/Interface/install/manipulator_hw/share/controller_lib/environment/path.sh
[7.447s] -- Symlinking: /home/evinia/KCL/Interface/install/manipulator_hw/share/controller_lib/environment/path.dsv
[7.458s] -- Symlinking: /home/evinia/KCL/Interface/install/manipulator_hw/share/controller_lib/local_setup.bash
[7.469s] -- Symlinking: /home/evinia/KCL/Interface/install/manipulator_hw/share/controller_lib/local_setup.sh
[7.481s] -- Symlinking: /home/evinia/KCL/Interface/install/manipulator_hw/share/controller_lib/local_setup.zsh
[7.491s] -- Symlinking: /home/evinia/KCL/Interface/install/manipulator_hw/share/controller_lib/local_setup.dsv
[7.504s] -- Symlinking: /home/evinia/KCL/Interface/install/manipulator_hw/share/controller_lib/package.dsv
[7.515s] -- Symlinking: /home/evinia/KCL/Interface/install/manipulator_hw/share/ament_index/resource_index/packages/controller_lib
[7.527s] -- Symlinking: /home/evinia/KCL/Interface/install/manipulator_hw/share/controller_lib/cmake/ament_cmake_export_include_directories-extras.cmake
[7.538s] -- Symlinking: /home/evinia/KCL/Interface/install/manipulator_hw/share/controller_lib/cmake/ament_cmake_export_libraries-extras.cmake
[7.549s] -- Symlinking: /home/evinia/KCL/Interface/install/manipulator_hw/share/controller_lib/cmake/ament_cmake_export_dependencies-extras.cmake
[7.561s] -- Symlinking: /home/evinia/KCL/Interface/install/manipulator_hw/share/controller_lib/cmake/controller_libConfig.cmake
[7.571s] -- Symlinking: /home/evinia/KCL/Interface/install/manipulator_hw/share/controller_lib/cmake/controller_libConfig-version.cmake
[7.581s] -- Symlinking: /home/evinia/KCL/Interface/install/manipulator_hw/share/controller_lib/package.xml
[7.592s] -- Symlinking: /home/evinia/KCL/Interface/install/manipulator_hw/include/manipulator_hw/manipulator.hpp
[7.604s] -- Symlinking: /home/evinia/KCL/Interface/install/manipulator_hw/share/manipulator_hw//launch/test_manip_hw.launch.py
[7.615s] -- Symlinking: /home/evinia/KCL/Interface/install/manipulator_hw/share/manipulator_hw//config/manipulator_hw.yaml
[7.626s] -- Symlinking: /home/evinia/KCL/Interface/install/manipulator_hw/share/manipulator_hw//urdf/robot.urdf.xacro
[7.637s] -- Symlinking: /home/evinia/KCL/Interface/install/manipulator_hw/share/manipulator_hw/manipulator.xml
[7.649s] -- Up-to-date symlink: /home/evinia/KCL/Interface/install/manipulator_hw/share/manipulator_hw//manipulator.xml
[7.649s] -- Symlinking: /home/evinia/KCL/Interface/install/manipulator_hw/share/manipulator_hw/environment/library_path.sh
[7.660s] -- Symlinking: /home/evinia/KCL/Interface/install/manipulator_hw/share/manipulator_hw/environment/library_path.dsv
[7.671s] -- Symlinking: /home/evinia/KCL/Interface/install/manipulator_hw/share/ament_index/resource_index/package_run_dependencies/manipulator_hw
[7.681s] -- Symlinking: /home/evinia/KCL/Interface/install/manipulator_hw/share/ament_index/resource_index/parent_prefix_path/manipulator_hw
[7.692s] -- Symlinking: /home/evinia/KCL/Interface/install/manipulator_hw/share/manipulator_hw/environment/ament_prefix_path.sh
[7.703s] -- Symlinking: /home/evinia/KCL/Interface/install/manipulator_hw/share/manipulator_hw/environment/ament_prefix_path.dsv
[7.714s] -- Symlinking: /home/evinia/KCL/Interface/install/manipulator_hw/share/manipulator_hw/environment/path.sh
[7.724s] -- Symlinking: /home/evinia/KCL/Interface/install/manipulator_hw/share/manipulator_hw/environment/path.dsv
[7.736s] -- Symlinking: /home/evinia/KCL/Interface/install/manipulator_hw/share/manipulator_hw/local_setup.bash
[7.748s] -- Symlinking: /home/evinia/KCL/Interface/install/manipulator_hw/share/manipulator_hw/local_setup.sh
[7.759s] -- Symlinking: /home/evinia/KCL/Interface/install/manipulator_hw/share/manipulator_hw/local_setup.zsh
[7.771s] -- Symlinking: /home/evinia/KCL/Interface/install/manipulator_hw/share/manipulator_hw/local_setup.dsv
[7.783s] -- Symlinking: /home/evinia/KCL/Interface/install/manipulator_hw/share/manipulator_hw/package.dsv
[7.794s] -- Symlinking: /home/evinia/KCL/Interface/install/manipulator_hw/share/ament_index/resource_index/packages/manipulator_hw
[7.805s] -- Symlinking: /home/evinia/KCL/Interface/install/manipulator_hw/share/ament_index/resource_index/hardware_interface__pluginlib__plugin/manipulator_hw
[7.816s] -- Symlinking: /home/evinia/KCL/Interface/install/manipulator_hw/share/manipulator_hw/cmake/ament_cmake_export_include_directories-extras.cmake
[7.827s] -- Symlinking: /home/evinia/KCL/Interface/install/manipulator_hw/share/manipulator_hw/cmake/ament_cmake_export_libraries-extras.cmake
[7.838s] -- Symlinking: /home/evinia/KCL/Interface/install/manipulator_hw/share/manipulator_hw/cmake/ament_cmake_export_dependencies-extras.cmake
[7.849s] -- Symlinking: /home/evinia/KCL/Interface/install/manipulator_hw/share/manipulator_hw/cmake/manipulator_hwConfig.cmake
[7.860s] -- Symlinking: /home/evinia/KCL/Interface/install/manipulator_hw/share/manipulator_hw/cmake/manipulator_hwConfig-version.cmake
[7.871s] -- Symlinking: /home/evinia/KCL/Interface/install/manipulator_hw/share/manipulator_hw/package.xml
[7.882s] -- Installing: /home/evinia/KCL/Interface/install/manipulator_hw/lib/libmanipulator_hw.so
[7.884s] -- Set runtime path of "/home/evinia/KCL/Interface/install/manipulator_hw/lib/libmanipulator_hw.so" to ""
[7.886s] Invoked command in '/home/evinia/KCL/Interface/build/manipulator_hw' returned '0': CMAKE_PREFIX_PATH=${CMAKE_PREFIX_PATH}:/home/evinia/turtlebot3_ws/install/turtlebot3_teleop:/home/evinia/turtlebot3_ws/install/turtlebot3_example:/opt/ros/humble /usr/bin/cmake --install /home/evinia/KCL/Interface/build/manipulator_hw
